undefined info: mysql connection established
undefined info: mysql connection established
undefined info: mysql connection established
undefined info: mysql connection established
undefined info: mysql connection established
undefined info: mysql connection established
undefined info: mysql connection established
undefined info: mysql connection established
undefined info: mysql connection established
undefined info: mysql connection established
undefined info: mysql connection established
undefined info: mysql connection established
undefined info: mysql connection established
undefined info: mysql connection established
undefined info: mysql connection established
undefined info: mysql connection established
undefined info: mysql connection established
undefined info: mysql connection established
undefined info: mysql connection established
undefined info: mysql connection established
undefined info: mysql connection established
undefined info: mysql connection established
undefined info: mysql connection established
undefined info: mysql connection established
undefined info: mysql connection established
undefined info: mysql connection established
undefined info: mysql connection established
undefined info: mysql connection established
undefined info: mysql connection established
undefined info: mysql connection established
undefined info: mysql connection established
undefined info: Userid get request
undefined info: Userid get request
undefined info: Userid get request
undefined info: Userid get request
undefined info: Userid get request
undefined info: Userid get request
undefined info: mysql connection established
undefined info: Userid get request
undefined info: Userid get request
undefined info: Userid get request
undefined info: Userid get request
undefined info: Userid get request
undefined info: Userid get request
undefined info: Userid get request
undefined info: Userid get request
undefined info: Userid get request
undefined info: Userid get request
undefined info: Userid get request
undefined info: Userid get request
undefined info: Userid get request
undefined info: Userid get request
undefined info: Userid get request
undefined info: Userid get request
undefined info: Userid get request
undefined info: Userid get request
undefined info: Userid get request
undefined info: Userid get request
undefined info: Userid get request
undefined info: Userid get request
undefined info: Userid get request
undefined info: Userid get request
undefined info: Userid get request
undefined info: Userid get request
undefined info: Userid get request
undefined info: Userid get request
undefined info: Userid get request
undefined info: Userid get request
undefined info: Userid get request
undefined info: Userid get request
undefined info: Userid get request
undefined info: Userid get request
undefined info: Userid get request
undefined info: Userid get request
undefined info: Userid get request
undefined info: Userid get request
undefined info: Userid get request
undefined info: Userid get request
undefined info: Userid get request
undefined info: Userid get request
undefined info: Userid get request
undefined info: Userid get request
undefined info: Userid get request
undefined info: Userid get request
undefined info: Userid get request
undefined info: Userid get request
undefined info: Userid get request
undefined info: Userid get request
undefined info: Userid get request
undefined info: Userid get request
undefined info: Userid get request
undefined info: Userid get request
undefined info: Userid get request
undefined info: Userid get request
undefined info: Userid get request
undefined info: Userid get request
undefined info: Userid get request
undefined info: Userid get request
undefined info: Userid get request
undefined info: Userid get request
undefined info: Userid get request
undefined info: Userid get request
undefined info: Userid get request
undefined info: Userid get request
undefined info: Userid get request
undefined info: Userid get request
undefined info: Userid get request
undefined info: Userid get request
undefined info: Userid get request
undefined info: Userid get request
undefined info: mysql connection established
undefined info: mysql connection established
undefined info: mysql connection established
undefined error: mysql connection failed: Access denied for user 'root'@'localhost' (using password: YES)
<<<<<<< Updated upstream
undefined error: mysql connection failed: Access denied for user 'root'@'localhost' (using password: YES)
undefined error: mysql connection failed: Access denied for user 'root'@'localhost' (using password: YES)
<<<<<<< Updated upstream
=======
undefined info: mysql connection established
=======
>>>>>>> Stashed changes
undefined info: Userid get request
undefined info: Userid get request
undefined info: Userid get request
undefined info: Userid get request
undefined info: Userid get request
undefined info: Userid get request
<<<<<<< Updated upstream
>>>>>>> Stashed changes
=======
undefined info: Userid get request
>>>>>>> Stashed changes
undefined info: Userid get request
undefined info: Userid get request
undefined info: Userid get request
undefined info: Userid get request
undefined info: Userid get request
undefined info: Userid get request
undefined info: Userid get request
undefined info: Userid get request
undefined info: Userid get request
